# JRE version: OpenJDK Runtime Environment (8.0_152-b01) (build 1.8.0_152-release-915-b01)
# Java VM: OpenJDK 64-Bit Server VM (25.152-b01 mixed mode linux-amd64 compressed oops)
Heap:
 PSYoungGen      total 207360K, used 23017K [0x000000076ab00000, 0x0000000779000000, 0x00000007c0000000)
  eden space 184320K, 0% used [0x000000076ab00000,0x000000076ab00000,0x0000000775f00000)
  from space 23040K, 99% used [0x0000000775f00000,0x000000077757a420,0x0000000777580000)
  to   space 18944K, 0% used [0x0000000777580000,0x0000000777580000,0x0000000778800000)
 ParOldGen       total 61440K, used 46196K [0x00000006c0000000, 0x00000006c3c00000, 0x000000076ab00000)
  object space 61440K, 75% used [0x00000006c0000000,0x00000006c2d1d0f0,0x00000006c3c00000)
 Metaspace       used 6442K, capacity 7280K, committed 7552K, reserved 1056768K
  class space    used 600K, capacity 616K, committed 640K, reserved 1048576K
GC Heap History (10 events):
Event: 0.418 GC heap after
Heap after GC invocations=2 (full 0):
 PSYoungGen      total 50688K, used 2080K [0x000000076ab00000, 0x000000076e000000, 0x00000007c0000000)
  eden space 47104K, 0% used [0x000000076ab00000,0x000000076ab00000,0x000000076d900000)
  from space 3584K, 58% used [0x000000076dc80000,0x000000076de88000,0x000000076e000000)
  to   space 3584K, 0% used [0x000000076d900000,0x000000076d900000,0x000000076dc80000)
 ParOldGen       total 61440K, used 8K [0x00000006c0000000, 0x00000006c3c00000, 0x000000076ab00000)
  object space 61440K, 0% used [0x00000006c0000000,0x00000006c0002000,0x00000006c3c00000)
 Metaspace       used 3485K, capacity 4784K, committed 5120K, reserved 1056768K
  class space    used 366K, capacity 424K, committed 512K, reserved 1048576K
}
Event: 1.540 GC heap before
{Heap before GC invocations=3 (full 0):
 PSYoungGen      total 50688K, used 49184K [0x000000076ab00000, 0x000000076e000000, 0x00000007c0000000)
  eden space 47104K, 100% used [0x000000076ab00000,0x000000076d900000,0x000000076d900000)
  from space 3584K, 58% used [0x000000076dc80000,0x000000076de88000,0x000000076e000000)
  to   space 3584K, 0% used [0x000000076d900000,0x000000076d900000,0x000000076dc80000)
 ParOldGen       total 61440K, used 8K [0x00000006c0000000, 0x00000006c3c00000, 0x000000076ab00000)
  object space 61440K, 0% used [0x00000006c0000000,0x00000006c0002000,0x00000006c3c00000)
 Metaspace       used 5836K, capacity 6832K, committed 7040K, reserved 1056768K
  class space    used 582K, capacity 616K, committed 640K, reserved 1048576K
Event: 1.563 GC heap after
Heap after GC invocations=3 (full 0):
 PSYoungGen      total 50688K, used 3562K [0x000000076ab00000, 0x0000000770e00000, 0x00000007c0000000)
  eden space 47104K, 0% used [0x000000076ab00000,0x000000076ab00000,0x000000076d900000)
  from space 3584K, 99% used [0x000000076d900000,0x000000076dc7ab38,0x000000076dc80000)
  to   space 3584K, 0% used [0x0000000770a80000,0x0000000770a80000,0x0000000770e00000)
 ParOldGen       total 61440K, used 4777K [0x00000006c0000000, 0x00000006c3c00000, 0x000000076ab00000)
  object space 61440K, 7% used [0x00000006c0000000,0x00000006c04aa518,0x00000006c3c00000)
 Metaspace       used 5836K, capacity 6832K, committed 7040K, reserved 1056768K
  class space    used 582K, capacity 616K, committed 640K, reserved 1048576K
}
Event: 2.265 GC heap before
{Heap before GC invocations=4 (full 0):
 PSYoungGen      total 50688K, used 50666K [0x000000076ab00000, 0x0000000770e00000, 0x00000007c0000000)
  eden space 47104K, 100% used [0x000000076ab00000,0x000000076d900000,0x000000076d900000)
  from space 3584K, 99% used [0x000000076d900000,0x000000076dc7ab38,0x000000076dc80000)
  to   space 3584K, 0% used [0x0000000770a80000,0x0000000770a80000,0x0000000770e00000)
 ParOldGen       total 61440K, used 4777K [0x00000006c0000000, 0x00000006c3c00000, 0x000000076ab00000)
  object space 61440K, 7% used [0x00000006c0000000,0x00000006c04aa518,0x00000006c3c00000)
 Metaspace       used 5920K, capacity 6960K, committed 7040K, reserved 1056768K
  class space    used 582K, capacity 616K, committed 640K, reserved 1048576K
Event: 2.284 GC heap after
Heap after GC invocations=4 (full 0):
 PSYoungGen      total 97792K, used 3561K [0x000000076ab00000, 0x0000000770e00000, 0x00000007c0000000)
  eden space 94208K, 0% used [0x000000076ab00000,0x000000076ab00000,0x0000000770700000)
  from space 3584K, 99% used [0x0000000770a80000,0x0000000770dfa588,0x0000000770e00000)
  to   space 3584K, 0% used [0x0000000770700000,0x0000000770700000,0x0000000770a80000)
 ParOldGen       total 61440K, used 12393K [0x00000006c0000000, 0x00000006c3c00000, 0x000000076ab00000)
  object space 61440K, 20% used [0x00000006c0000000,0x00000006c0c1a658,0x00000006c3c00000)
 Metaspace       used 5920K, capacity 6960K, committed 7040K, reserved 1056768K
  class space    used 582K, capacity 616K, committed 640K, reserved 1048576K
}
Event: 3.336 GC heap before
{Heap before GC invocations=5 (full 0):
 PSYoungGen      total 97792K, used 97769K [0x000000076ab00000, 0x0000000770e00000, 0x00000007c0000000)
  eden space 94208K, 100% used [0x000000076ab00000,0x0000000770700000,0x0000000770700000)
  from space 3584K, 99% used [0x0000000770a80000,0x0000000770dfa588,0x0000000770e00000)
  to   space 3584K, 0% used [0x0000000770700000,0x0000000770700000,0x0000000770a80000)
 ParOldGen       total 61440K, used 12393K [0x00000006c0000000, 0x00000006c3c00000, 0x000000076ab00000)
  object space 61440K, 20% used [0x00000006c0000000,0x00000006c0c1a658,0x00000006c3c00000)
 Metaspace       used 6154K, capacity 7088K, committed 7296K, reserved 1056768K
  class space    used 600K, capacity 616K, committed 640K, reserved 1048576K
Event: 3.392 GC heap after
Heap after GC invocations=5 (full 0):
 PSYoungGen      total 97792K, used 3567K [0x000000076ab00000, 0x0000000778800000, 0x00000007c0000000)
  eden space 94208K, 0% used [0x000000076ab00000,0x000000076ab00000,0x0000000770700000)
  from space 3584K, 99% used [0x0000000770700000,0x0000000770a7bd00,0x0000000770a80000)
  to   space 18944K, 0% used [0x0000000777580000,0x0000000777580000,0x0000000778800000)
 ParOldGen       total 61440K, used 25555K [0x00000006c0000000, 0x00000006c3c00000, 0x000000076ab00000)
  object space 61440K, 41% used [0x00000006c0000000,0x00000006c18f4ef0,0x00000006c3c00000)
 Metaspace       used 6154K, capacity 7088K, committed 7296K, reserved 1056768K
  class space    used 600K, capacity 616K, committed 640K, reserved 1048576K
}
Event: 4.267 GC heap before
{Heap before GC invocations=6 (full 0):
 PSYoungGen      total 97792K, used 97775K [0x000000076ab00000, 0x0000000778800000, 0x00000007c0000000)
  eden space 94208K, 100% used [0x000000076ab00000,0x0000000770700000,0x0000000770700000)
  from space 3584K, 99% used [0x0000000770700000,0x0000000770a7bd00,0x0000000770a80000)
  to   space 18944K, 0% used [0x0000000777580000,0x0000000777580000,0x0000000778800000)
 ParOldGen       total 61440K, used 25555K [0x00000006c0000000, 0x00000006c3c00000, 0x000000076ab00000)
  object space 61440K, 41% used [0x00000006c0000000,0x00000006c18f4ef0,0x00000006c3c00000)
 Metaspace       used 6233K, capacity 7152K, committed 7296K, reserved 1056768K
  class space    used 600K, capacity 616K, committed 640K, reserved 1048576K
Event: 4.338 GC heap after
Heap after GC invocations=6 (full 0):
 PSYoungGen      total 203264K, used 18239K [0x000000076ab00000, 0x0000000779000000, 0x00000007c0000000)
  eden space 184320K, 0% used [0x000000076ab00000,0x000000076ab00000,0x0000000775f00000)
  from space 18944K, 96% used [0x0000000777580000,0x000000077874fe08,0x0000000778800000)
  to   space 23040K, 0% used [0x0000000775f00000,0x0000000775f00000,0x0000000777580000)
 ParOldGen       total 61440K, used 25555K [0x00000006c0000000, 0x00000006c3c00000, 0x000000076ab00000)
  object space 61440K, 41% used [0x00000006c0000000,0x00000006c18f4ef0,0x00000006c3c00000)
 Metaspace       used 6233K, capacity 7152K, committed 7296K, reserved 1056768K
  class space    used 600K, capacity 616K, committed 640K, reserved 1048576K
}
Event: 5.712 GC heap before
{Heap before GC invocations=7 (full 0):
 PSYoungGen      total 203264K, used 202559K [0x000000076ab00000, 0x0000000779000000, 0x00000007c0000000)
  eden space 184320K, 100% used [0x000000076ab00000,0x0000000775f00000,0x0000000775f00000)
  from space 18944K, 96% used [0x0000000777580000,0x000000077874fe08,0x0000000778800000)
  to   space 23040K, 0% used [0x0000000775f00000,0x0000000775f00000,0x0000000777580000)
 ParOldGen       total 61440K, used 25555K [0x00000006c0000000, 0x00000006c3c00000, 0x000000076ab00000)
  object space 61440K, 41% used [0x00000006c0000000,0x00000006c18f4ef0,0x00000006c3c00000)
 Metaspace       used 6442K, capacity 7280K, committed 7552K, reserved 1056768K
  class space    used 600K, capacity 616K, committed 640K, reserved 1048576K

