# JRE version: OpenJDK Runtime Environment (8.0_152-b01) (build 1.8.0_152-release-915-b01)
# Java VM: OpenJDK 64-Bit Server VM (25.152-b01 mixed mode linux-amd64 compressed oops)
Heap:
 PSYoungGen      total 207360K, used 23025K [0x000000076ab00000, 0x0000000779000000, 0x00000007c0000000)
  eden space 184320K, 0% used [0x000000076ab00000,0x000000076ab00000,0x0000000775f00000)
  from space 23040K, 99% used [0x0000000775f00000,0x000000077757c7e0,0x0000000777580000)
  to   space 18944K, 0% used [0x0000000777580000,0x0000000777580000,0x0000000778800000)
 ParOldGen       total 61440K, used 46115K [0x00000006c0000000, 0x00000006c3c00000, 0x000000076ab00000)
  object space 61440K, 75% used [0x00000006c0000000,0x00000006c2d08c60,0x00000006c3c00000)
 Metaspace       used 6493K, capacity 7280K, committed 7552K, reserved 1056768K
  class space    used 602K, capacity 616K, committed 640K, reserved 1048576K
GC Heap History (10 events):
Event: 0.309 GC heap after
Heap after GC invocations=2 (full 0):
 PSYoungGen      total 50688K, used 2112K [0x000000076ab00000, 0x000000076e000000, 0x00000007c0000000)
  eden space 47104K, 0% used [0x000000076ab00000,0x000000076ab00000,0x000000076d900000)
  from space 3584K, 58% used [0x000000076dc80000,0x000000076de90000,0x000000076e000000)
  to   space 3584K, 0% used [0x000000076d900000,0x000000076d900000,0x000000076dc80000)
 ParOldGen       total 61440K, used 16K [0x00000006c0000000, 0x00000006c3c00000, 0x000000076ab00000)
  object space 61440K, 0% used [0x00000006c0000000,0x00000006c0004000,0x00000006c3c00000)
 Metaspace       used 3483K, capacity 4784K, committed 5120K, reserved 1056768K
  class space    used 366K, capacity 424K, committed 512K, reserved 1048576K
}
Event: 1.018 GC heap before
{Heap before GC invocations=3 (full 0):
 PSYoungGen      total 50688K, used 49216K [0x000000076ab00000, 0x000000076e000000, 0x00000007c0000000)
  eden space 47104K, 100% used [0x000000076ab00000,0x000000076d900000,0x000000076d900000)
  from space 3584K, 58% used [0x000000076dc80000,0x000000076de90000,0x000000076e000000)
  to   space 3584K, 0% used [0x000000076d900000,0x000000076d900000,0x000000076dc80000)
 ParOldGen       total 61440K, used 16K [0x00000006c0000000, 0x00000006c3c00000, 0x000000076ab00000)
  object space 61440K, 0% used [0x00000006c0000000,0x00000006c0004000,0x00000006c3c00000)
 Metaspace       used 5841K, capacity 6896K, committed 7040K, reserved 1056768K
  class space    used 582K, capacity 616K, committed 640K, reserved 1048576K
Event: 1.030 GC heap after
Heap after GC invocations=3 (full 0):
 PSYoungGen      total 50688K, used 3578K [0x000000076ab00000, 0x0000000770e00000, 0x00000007c0000000)
  eden space 47104K, 0% used [0x000000076ab00000,0x000000076ab00000,0x000000076d900000)
  from space 3584K, 99% used [0x000000076d900000,0x000000076dc7ead8,0x000000076dc80000)
  to   space 3584K, 0% used [0x0000000770a80000,0x0000000770a80000,0x0000000770e00000)
 ParOldGen       total 61440K, used 4983K [0x00000006c0000000, 0x00000006c3c00000, 0x000000076ab00000)
  object space 61440K, 8% used [0x00000006c0000000,0x00000006c04ddf40,0x00000006c3c00000)
 Metaspace       used 5841K, capacity 6896K, committed 7040K, reserved 1056768K
  class space    used 582K, capacity 616K, committed 640K, reserved 1048576K
}
Event: 1.624 GC heap before
{Heap before GC invocations=4 (full 0):
 PSYoungGen      total 50688K, used 50682K [0x000000076ab00000, 0x0000000770e00000, 0x00000007c0000000)
  eden space 47104K, 100% used [0x000000076ab00000,0x000000076d900000,0x000000076d900000)
  from space 3584K, 99% used [0x000000076d900000,0x000000076dc7ead8,0x000000076dc80000)
  to   space 3584K, 0% used [0x0000000770a80000,0x0000000770a80000,0x0000000770e00000)
 ParOldGen       total 61440K, used 4983K [0x00000006c0000000, 0x00000006c3c00000, 0x000000076ab00000)
  object space 61440K, 8% used [0x00000006c0000000,0x00000006c04ddf40,0x00000006c3c00000)
 Metaspace       used 5911K, capacity 6960K, committed 7040K, reserved 1056768K
  class space    used 582K, capacity 616K, committed 640K, reserved 1048576K
Event: 1.643 GC heap after
Heap after GC invocations=4 (full 0):
 PSYoungGen      total 97792K, used 3560K [0x000000076ab00000, 0x0000000770e00000, 0x00000007c0000000)
  eden space 94208K, 0% used [0x000000076ab00000,0x000000076ab00000,0x0000000770700000)
  from space 3584K, 99% used [0x0000000770a80000,0x0000000770dfa3d8,0x0000000770e00000)
  to   space 3584K, 0% used [0x0000000770700000,0x0000000770700000,0x0000000770a80000)
 ParOldGen       total 61440K, used 12032K [0x00000006c0000000, 0x00000006c3c00000, 0x000000076ab00000)
  object space 61440K, 19% used [0x00000006c0000000,0x00000006c0bc0318,0x00000006c3c00000)
 Metaspace       used 5911K, capacity 6960K, committed 7040K, reserved 1056768K
  class space    used 582K, capacity 616K, committed 640K, reserved 1048576K
}
Event: 2.794 GC heap before
{Heap before GC invocations=5 (full 0):
 PSYoungGen      total 97792K, used 97768K [0x000000076ab00000, 0x0000000770e00000, 0x00000007c0000000)
  eden space 94208K, 100% used [0x000000076ab00000,0x0000000770700000,0x0000000770700000)
  from space 3584K, 99% used [0x0000000770a80000,0x0000000770dfa3d8,0x0000000770e00000)
  to   space 3584K, 0% used [0x0000000770700000,0x0000000770700000,0x0000000770a80000)
 ParOldGen       total 61440K, used 12032K [0x00000006c0000000, 0x00000006c3c00000, 0x000000076ab00000)
  object space 61440K, 19% used [0x00000006c0000000,0x00000006c0bc0318,0x00000006c3c00000)
 Metaspace       used 6230K, capacity 7152K, committed 7296K, reserved 1056768K
  class space    used 602K, capacity 616K, committed 640K, reserved 1048576K
Event: 2.856 GC heap after
Heap after GC invocations=5 (full 0):
 PSYoungGen      total 97792K, used 3582K [0x000000076ab00000, 0x0000000778800000, 0x00000007c0000000)
  eden space 94208K, 0% used [0x000000076ab00000,0x000000076ab00000,0x0000000770700000)
  from space 3584K, 99% used [0x0000000770700000,0x0000000770a7f970,0x0000000770a80000)
  to   space 18944K, 0% used [0x0000000777580000,0x0000000777580000,0x0000000778800000)
 ParOldGen       total 61440K, used 25536K [0x00000006c0000000, 0x00000006c3c00000, 0x000000076ab00000)
  object space 61440K, 41% used [0x00000006c0000000,0x00000006c18f00f8,0x00000006c3c00000)
 Metaspace       used 6230K, capacity 7152K, committed 7296K, reserved 1056768K
  class space    used 602K, capacity 616K, committed 640K, reserved 1048576K
}
Event: 3.872 GC heap before
{Heap before GC invocations=6 (full 0):
 PSYoungGen      total 97792K, used 97790K [0x000000076ab00000, 0x0000000778800000, 0x00000007c0000000)
  eden space 94208K, 100% used [0x000000076ab00000,0x0000000770700000,0x0000000770700000)
  from space 3584K, 99% used [0x0000000770700000,0x0000000770a7f970,0x0000000770a80000)
  to   space 18944K, 0% used [0x0000000777580000,0x0000000777580000,0x0000000778800000)
 ParOldGen       total 61440K, used 26073K [0x00000006c0000000, 0x00000006c3c00000, 0x000000076ab00000)
  object space 61440K, 42% used [0x00000006c0000000,0x00000006c19767e8,0x00000006c3c00000)
 Metaspace       used 6338K, capacity 7216K, committed 7296K, reserved 1056768K
  class space    used 602K, capacity 616K, committed 640K, reserved 1048576K
Event: 3.968 GC heap after
Heap after GC invocations=6 (full 0):
 PSYoungGen      total 203264K, used 18061K [0x000000076ab00000, 0x0000000779000000, 0x00000007c0000000)
  eden space 184320K, 0% used [0x000000076ab00000,0x000000076ab00000,0x0000000775f00000)
  from space 18944K, 95% used [0x0000000777580000,0x0000000778723478,0x0000000778800000)
  to   space 23040K, 0% used [0x0000000775f00000,0x0000000775f00000,0x0000000777580000)
 ParOldGen       total 61440K, used 26073K [0x00000006c0000000, 0x00000006c3c00000, 0x000000076ab00000)
  object space 61440K, 42% used [0x00000006c0000000,0x00000006c19767e8,0x00000006c3c00000)
 Metaspace       used 6338K, capacity 7216K, committed 7296K, reserved 1056768K
  class space    used 602K, capacity 616K, committed 640K, reserved 1048576K
}
Event: 5.199 GC heap before
{Heap before GC invocations=7 (full 0):
 PSYoungGen      total 203264K, used 202381K [0x000000076ab00000, 0x0000000779000000, 0x00000007c0000000)
  eden space 184320K, 100% used [0x000000076ab00000,0x0000000775f00000,0x0000000775f00000)
  from space 18944K, 95% used [0x0000000777580000,0x0000000778723478,0x0000000778800000)
  to   space 23040K, 0% used [0x0000000775f00000,0x0000000775f00000,0x0000000777580000)
 ParOldGen       total 61440K, used 26075K [0x00000006c0000000, 0x00000006c3c00000, 0x000000076ab00000)
  object space 61440K, 42% used [0x00000006c0000000,0x00000006c1976ec8,0x00000006c3c00000)
 Metaspace       used 6493K, capacity 7280K, committed 7552K, reserved 1056768K
  class space    used 602K, capacity 616K, committed 640K, reserved 1048576K

